<html>
<head>
<title>TestNG:  Test</title>
<link href="../testng.css" rel="stylesheet" type="text/css" />
<link href="../my-testng.css" rel="stylesheet" type="text/css" />

<style type="text/css">
.log { display: none;} 
.stack-trace { display: none;} 
</style>
<script type="text/javascript">
<!--
function flip(e) {
  current = e.style.display;
  if (current == 'block') {
    e.style.display = 'none';
    return 0;
  }
  else {
    e.style.display = 'block';
    return 1;
  }
}

function toggleBox(szDivId, elem, msg1, msg2)
{
  var res = -1;  if (document.getElementById) {
    res = flip(document.getElementById(szDivId));
  }
  else if (document.all) {
    // this is the way old msie versions work
    res = flip(document.all[szDivId]);
  }
  if(elem) {
    if(res == 0) elem.innerHTML = msg1; else elem.innerHTML = msg2;
  }

}

function toggleAllBoxes() {
  if (document.getElementsByTagName) {
    d = document.getElementsByTagName('div');
    for (i = 0; i < d.length; i++) {
      if (d[i].className == 'log') {
        flip(d[i]);
      }
    }
  }
}

// -->
</script>

</head>
<body>
<h2 align='center'>Test</h2><table border='1' align="center">
<tr>
<td>Tests passed/Failed/Skipped:</td><td>27/0/0</td>
</tr><tr>
<td>Started on:</td><td>Tue May 17 15:56:31 IST 2022</td>
</tr>
<tr><td>Total time:</td><td>44 seconds (44476 ms)</td>
</tr><tr>
<td>Included groups:</td><td></td>
</tr><tr>
<td>Excluded groups:</td><td></td>
</tr>
</table><p/>
<small><i>(Hover the method name to see the test class name)</i></small><p/>
<table width='100%' border='1' class='invocation-passed'>
<tr><td colspan='4' align='center'><b>PASSED TESTS</b></td></tr>
<tr><td><b>Test method</b></td>
<td width="30%"><b>Exception</b></td>
<td width="10%"><b>Time (seconds)</b></td>
<td><b>Instance</b></td>
</tr>
<tr>
<td title='testNG_01.Example09_param4.login()'><b>login</b><br>Test class: testNG_01.Example09_param4</td>
<td></td>
<td>0</td>
<td>testNG_01.Example09_param4@a38d7a3</td></tr>
<tr>
<td title='testNG_01.Example10_param5.signIn()'><b>signIn</b><br>Test class: testNG_01.Example10_param5</td>
<td><div><pre>java.lang.ArithmeticException: / by zero
	at testNG_01.Example10_param5.signIn(Example10_param5.java:44)
	at java.util.ArrayList.forEach(Unknown Source)
... Removed 27 stack frames</pre></div><a href='#' onClick='toggleBox("stack-trace513700442", this, "Click to show all stack frames", "Click to hide stack frames")'>Click to show all stack frames</a>
<div class='stack-trace' id='stack-trace513700442'><pre>java.lang.ArithmeticException: / by zero
	at testNG_01.Example10_param5.signIn(Example10_param5.java:44)
	at sun.reflect.NativeMethodAccessorImpl.invoke0(Native Method)
	at sun.reflect.NativeMethodAccessorImpl.invoke(Unknown Source)
	at sun.reflect.DelegatingMethodAccessorImpl.invoke(Unknown Source)
	at java.lang.reflect.Method.invoke(Unknown Source)
	at org.testng.internal.MethodInvocationHelper.invokeMethod(MethodInvocationHelper.java:133)
	at org.testng.internal.TestInvoker.invokeMethod(TestInvoker.java:598)
	at org.testng.internal.TestInvoker.invokeTestMethod(TestInvoker.java:173)
	at org.testng.internal.MethodRunner.runInSequence(MethodRunner.java:46)
	at org.testng.internal.TestInvoker$MethodInvocationAgent.invoke(TestInvoker.java:824)
	at org.testng.internal.TestInvoker.invokeTestMethods(TestInvoker.java:146)
	at org.testng.internal.TestMethodWorker.invokeTestMethods(TestMethodWorker.java:146)
	at org.testng.internal.TestMethodWorker.run(TestMethodWorker.java:128)
	at java.util.ArrayList.forEach(Unknown Source)
	at org.testng.TestRunner.privateRun(TestRunner.java:794)
	at org.testng.TestRunner.run(TestRunner.java:596)
	at org.testng.SuiteRunner.runTest(SuiteRunner.java:377)
	at org.testng.SuiteRunner.runSequentially(SuiteRunner.java:371)
	at org.testng.SuiteRunner.privateRun(SuiteRunner.java:332)
	at org.testng.SuiteRunner.run(SuiteRunner.java:276)
	at org.testng.SuiteRunnerWorker.runSuite(SuiteRunnerWorker.java:53)
	at org.testng.SuiteRunnerWorker.run(SuiteRunnerWorker.java:96)
	at org.testng.TestNG.runSuitesSequentially(TestNG.java:1212)
	at org.testng.TestNG.runSuitesLocally(TestNG.java:1134)
	at org.testng.TestNG.runSuites(TestNG.java:1063)
	at org.testng.TestNG.run(TestNG.java:1031)
	at org.testng.remote.AbstractRemoteTestNG.run(AbstractRemoteTestNG.java:115)
	at org.testng.remote.RemoteTestNG.initAndRun(RemoteTestNG.java:251)
	at org.testng.remote.RemoteTestNG.main(RemoteTestNG.java:77)
</pre></div></td>
<td>0</td>
<td>testNG_01.Example10_param5@13c27452</td></tr>
<tr>
<td title='testNG_01.Example08_param3.param3()'><b>param3</b><br>Test class: testNG_01.Example08_param3</td>
<td></td>
<td>0</td>
<td>testNG_01.Example08_param3@77f99a05</td></tr>
<tr>
<td title='testNG_01.Example10_param5.checkNotification()'><b>checkNotification</b><br>Test class: testNG_01.Example10_param5</td>
<td></td>
<td>0</td>
<td>testNG_01.Example10_param5@13c27452</td></tr>
<tr>
<td title='testNG_01.Example08_param02.login()'><b>login</b><br>Test class: testNG_01.Example08_param02</td>
<td></td>
<td>0</td>
<td>testNG_01.Example08_param02@50d0686</td></tr>
<tr>
<td title='testNG_01.Example06.loginPageValidationInActitimeApplication()'><b>loginPageValidationInActitimeApplication</b><br>Test class: testNG_01.Example06</td>
<td></td>
<td>19</td>
<td>testNG_01.Example06@77ec78b9</td></tr>
<tr>
<td title='testNG_01.Example10_param5.div()'><b>div</b><br>Test class: testNG_01.Example10_param5</td>
<td><div><pre>java.lang.ArithmeticException: / by zero
	at testNG_01.Example10_param5.div(Example10_param5.java:25)
	at java.util.ArrayList.forEach(Unknown Source)
... Removed 27 stack frames</pre></div><a href='#' onClick='toggleBox("stack-trace1500608548", this, "Click to show all stack frames", "Click to hide stack frames")'>Click to show all stack frames</a>
<div class='stack-trace' id='stack-trace1500608548'><pre>java.lang.ArithmeticException: / by zero
	at testNG_01.Example10_param5.div(Example10_param5.java:25)
	at sun.reflect.NativeMethodAccessorImpl.invoke0(Native Method)
	at sun.reflect.NativeMethodAccessorImpl.invoke(Unknown Source)
	at sun.reflect.DelegatingMethodAccessorImpl.invoke(Unknown Source)
	at java.lang.reflect.Method.invoke(Unknown Source)
	at org.testng.internal.MethodInvocationHelper.invokeMethod(MethodInvocationHelper.java:133)
	at org.testng.internal.TestInvoker.invokeMethod(TestInvoker.java:598)
	at org.testng.internal.TestInvoker.invokeTestMethod(TestInvoker.java:173)
	at org.testng.internal.MethodRunner.runInSequence(MethodRunner.java:46)
	at org.testng.internal.TestInvoker$MethodInvocationAgent.invoke(TestInvoker.java:824)
	at org.testng.internal.TestInvoker.invokeTestMethods(TestInvoker.java:146)
	at org.testng.internal.TestMethodWorker.invokeTestMethods(TestMethodWorker.java:146)
	at org.testng.internal.TestMethodWorker.run(TestMethodWorker.java:128)
	at java.util.ArrayList.forEach(Unknown Source)
	at org.testng.TestRunner.privateRun(TestRunner.java:794)
	at org.testng.TestRunner.run(TestRunner.java:596)
	at org.testng.SuiteRunner.runTest(SuiteRunner.java:377)
	at org.testng.SuiteRunner.runSequentially(SuiteRunner.java:371)
	at org.testng.SuiteRunner.privateRun(SuiteRunner.java:332)
	at org.testng.SuiteRunner.run(SuiteRunner.java:276)
	at org.testng.SuiteRunnerWorker.runSuite(SuiteRunnerWorker.java:53)
	at org.testng.SuiteRunnerWorker.run(SuiteRunnerWorker.java:96)
	at org.testng.TestNG.runSuitesSequentially(TestNG.java:1212)
	at org.testng.TestNG.runSuitesLocally(TestNG.java:1134)
	at org.testng.TestNG.runSuites(TestNG.java:1063)
	at org.testng.TestNG.run(TestNG.java:1031)
	at org.testng.remote.AbstractRemoteTestNG.run(AbstractRemoteTestNG.java:115)
	at org.testng.remote.RemoteTestNG.initAndRun(RemoteTestNG.java:251)
	at org.testng.remote.RemoteTestNG.main(RemoteTestNG.java:77)
</pre></div></td>
<td>0</td>
<td>testNG_01.Example10_param5@13c27452</td></tr>
<tr>
<td title='testNG_01.sample02.sample1()'><b>sample1</b><br>Test class: testNG_01.sample02</td>
<td></td>
<td>0</td>
<td>testNG_01.sample02@63440df3</td></tr>
<tr>
<td title='testNG_01.Example08_param02.logOut()'><b>logOut</b><br>Test class: testNG_01.Example08_param02</td>
<td></td>
<td>0</td>
<td>testNG_01.Example08_param02@50d0686</td></tr>
<tr>
<td title='testNG_01.Exapme05.loginLogoutInActitimeApplication()'><b>loginLogoutInActitimeApplication</b><br>Test class: testNG_01.Exapme05</td>
<td></td>
<td>22</td>
<td>testNG_01.Exapme05@7a3d45bd</td></tr>
<tr>
<td title='testNG_01.Example02.tc1()'><b>tc1</b><br>Test class: testNG_01.Example02</td>
<td></td>
<td>0</td>
<td>testNG_01.Example02@371a67ec</td></tr>
<tr>
<td title='testNG_01.Example02.tc02()'><b>tc02</b><br>Test class: testNG_01.Example02</td>
<td></td>
<td>0</td>
<td>testNG_01.Example02@371a67ec</td></tr>
<tr>
<td title='testNG_01.Example10_param5.login()'><b>login</b><br>Test class: testNG_01.Example10_param5</td>
<td></td>
<td>0</td>
<td>testNG_01.Example10_param5@13c27452</td></tr>
<tr>
<td title='testNG_01.Example09_param4.signIn()'><b>signIn</b><br>Test class: testNG_01.Example09_param4</td>
<td></td>
<td>0</td>
<td>testNG_01.Example09_param4@a38d7a3</td></tr>
<tr>
<td title='testNG_01.Example10_param5.subtr()'><b>subtr</b><br>Test class: testNG_01.Example10_param5</td>
<td></td>
<td>0</td>
<td>testNG_01.Example10_param5@13c27452</td></tr>
<tr>
<td title='testNG_01.Example10_param5.add()'><b>add</b><br>Test class: testNG_01.Example10_param5</td>
<td></td>
<td>0</td>
<td>testNG_01.Example10_param5@13c27452</td></tr>
<tr>
<td title='testNG_01.Example12_param7.example()'><b>example</b><br>Test class: testNG_01.Example12_param7<br>Test method: checking functionality of description parameter</td>
<td></td>
<td>0</td>
<td>testNG_01.Example12_param7@5ed828d</td></tr>
<tr>
<td title='testNG_01.Example01.testCase3()'><b>testCase3</b><br>Test class: testNG_01.Example01</td>
<td></td>
<td>2</td>
<td>testNG_01.Example01@42d8062c</td></tr>
<tr>
<td title='testNG_01.Example08_param3.param1()'><b>param1</b><br>Test class: testNG_01.Example08_param3</td>
<td></td>
<td>0</td>
<td>testNG_01.Example08_param3@77f99a05</td></tr>
<tr>
<td title='testNG_01.Sample01.tc01()'><b>tc01</b><br>Test class: testNG_01.Sample01</td>
<td></td>
<td>0</td>
<td>testNG_01.Sample01@1e7c7811</td></tr>
<tr>
<td title='testNG_01.Example07_Param.param1()'><b>param1</b><br>Test class: testNG_01.Example07_Param</td>
<td></td>
<td>0</td>
<td>testNG_01.Example07_Param@1a3869f4</td></tr>
<tr>
<td title='testNG_01.Example07_Param.param1()'><b>param1</b><br>Test class: testNG_01.Example07_Param</td>
<td></td>
<td>0</td>
<td>testNG_01.Example07_Param@1a3869f4</td></tr>
<tr>
<td title='testNG_01.Example07_Param.param1()'><b>param1</b><br>Test class: testNG_01.Example07_Param</td>
<td></td>
<td>0</td>
<td>testNG_01.Example07_Param@1a3869f4</td></tr>
<tr>
<td title='testNG_01.Example07_Param.param1()'><b>param1</b><br>Test class: testNG_01.Example07_Param</td>
<td></td>
<td>0</td>
<td>testNG_01.Example07_Param@1a3869f4</td></tr>
<tr>
<td title='testNG_01.Example08_param02.sendMail()'><b>sendMail</b><br>Test class: testNG_01.Example08_param02</td>
<td></td>
<td>0</td>
<td>testNG_01.Example08_param02@50d0686</td></tr>
<tr>
<td title='testNG_01.Example09_param4.sendmail()'><b>sendmail</b><br>Test class: testNG_01.Example09_param4</td>
<td></td>
<td>0</td>
<td>testNG_01.Example09_param4@a38d7a3</td></tr>
<tr>
<td title='testNG_01.Example07_Param.param1()'><b>param1</b><br>Test class: testNG_01.Example07_Param</td>
<td></td>
<td>0</td>
<td>testNG_01.Example07_Param@1a3869f4</td></tr>
</table><p>
</body>
</html>