<?xml version="1.0" encoding="UTF-8"?>
<!-- Generated by org.testng.reporters.JUnitReportReporter -->
<testsuite skipped="0" hostname="JARVIS" name="testNgAdvXML.Parameterization" tests="4" failures="0" timestamp="2022-05-10T18:06:26 IST" time="14.316" errors="1">
  <testcase name="testCaseOne" time="0.012" classname="testNgAdvXML.Parameterization"/>
  <system-out/>
  <testcase name="testcaseTwo" time="0.000" classname="testNgAdvXML.Parameterization">
    <error type="org.testng.TestNGException" message="
Parameter &#039;Password&#039; is required by @Test on method testcaseTwo but has not been marked @Optional or defined
in F:\workspace\Mavan01\src\test\java\testNgAdvXML\Parameterixation.xml">
      <![CDATA[org.testng.TestNGException: 
Parameter 'Password' is required by @Test on method testcaseTwo but has not been marked @Optional or defined
in F:\workspace\Mavan01\src\test\java\testNgAdvXML\Parameterixation.xml
at org.testng.internal.Parameters.createParams(Parameters.java:270)
at org.testng.internal.Parameters.createParametersForMethod(Parameters.java:358)
at org.testng.internal.Parameters.createParameters(Parameters.java:700)
at org.testng.internal.Parameters.handleParameters(Parameters.java:884)
at org.testng.internal.Parameters.handleParameters(Parameters.java:740)
at org.testng.internal.ParameterHandler.handleParameters(ParameterHandler.java:59)
at org.testng.internal.ParameterHandler.createParameters(ParameterHandler.java:38)
at org.testng.internal.TestInvoker$MethodInvocationAgent.invoke(TestInvoker.java:791)
at org.testng.internal.TestInvoker.invokeTestMethods(TestInvoker.java:146)
at org.testng.internal.TestMethodWorker.invokeTestMethods(TestMethodWorker.java:146)
at org.testng.internal.TestMethodWorker.run(TestMethodWorker.java:128)
at java.util.ArrayList.forEach(Unknown Source)
at org.testng.TestRunner.privateRun(TestRunner.java:794)
at org.testng.TestRunner.run(TestRunner.java:596)
at org.testng.SuiteRunner.runTest(SuiteRunner.java:377)
at org.testng.SuiteRunner.runSequentially(SuiteRunner.java:371)
at org.testng.SuiteRunner.privateRun(SuiteRunner.java:332)
at org.testng.SuiteRunner.run(SuiteRunner.java:276)
at org.testng.SuiteRunnerWorker.runSuite(SuiteRunnerWorker.java:53)
at org.testng.SuiteRunnerWorker.run(SuiteRunnerWorker.java:96)
at org.testng.TestNG.runSuitesSequentially(TestNG.java:1212)
at org.testng.TestNG.runSuitesLocally(TestNG.java:1134)
at org.testng.TestNG.runSuites(TestNG.java:1063)
at org.testng.TestNG.run(TestNG.java:1031)
at org.testng.remote.AbstractRemoteTestNG.run(AbstractRemoteTestNG.java:115)
at org.testng.remote.RemoteTestNG.initAndRun(RemoteTestNG.java:251)
at org.testng.remote.RemoteTestNG.main(RemoteTestNG.java:77)
]]>
    </error>
  </testcase> <!-- testcaseTwo -->
  <system-out/>
  <testcase name="testCaseThree" time="0.002" classname="testNgAdvXML.Parameterization"/>
  <system-out/>
  <testcase name="testCaseFour" time="14.302" classname="testNgAdvXML.Parameterization"/>
  <system-out/>
</testsuite> <!-- testNgAdvXML.Parameterization -->
