<?xml version="1.0" encoding="UTF-8"?>
<!-- Generated by org.testng.reporters.JUnitXMLReporter -->
<testsuite hostname="JARVIS" ignored="0" name="tsting parameterization" tests="4" failures="1" timestamp="2022-05-10T18:06:26 IST" time="14.389" errors="0">
  <testcase name="testCaseOne" time="0.012" classname="testNgAdvXML.Parameterization"/>
  <testcase name="testcaseTwo" time="0.0" classname="testNgAdvXML.Parameterization">
    <failure type="org.testng.TestNGException" message="
Parameter &amp;apos;Password&amp;apos; is required by @Test on method testcaseTwo but has not been marked @Optional or defined
in F:\workspace\Mavan01\src\test\java\testNgAdvXML\Parameterixation.xml">
      <![CDATA[org.testng.TestNGException: 
Parameter 'Password' is required by @Test on method testcaseTwo but has not been marked @Optional or defined
in F:\workspace\Mavan01\src\test\java\testNgAdvXML\Parameterixation.xml
at java.util.ArrayList.forEach(Unknown Source)
... Removed 26 stack frames]]>
    </failure>
  </testcase> <!-- testcaseTwo -->
  <testcase name="testCaseThree" time="0.002" classname="testNgAdvXML.Parameterization"/>
  <testcase name="testCaseFour" time="14.302" classname="testNgAdvXML.Parameterization"/>
</testsuite> <!-- tsting parameterization -->
