<?xml version="1.0" encoding="UTF-8"?>
<testng-results skipped="0" failed="0" ignored="1" total="28" passed="27">
  <reporter-output>
  </reporter-output>
  <suite name="Suite" duration-ms="44476" started-at="2022-05-17T15:56:31 IST" finished-at="2022-05-17T15:57:16 IST">
    <groups>
    </groups>
    <test name="Test" duration-ms="44476" started-at="2022-05-17T15:56:31 IST" finished-at="2022-05-17T15:57:16 IST">
      <class name="testNG_01.sample02">
        <test-method status="PASS" signature="sample1()[pri:0, instance:testNG_01.sample02@63440df3]" name="sample1" duration-ms="1" started-at="2022-05-17T15:57:16 IST" finished-at="2022-05-17T15:57:16 IST">
          <reporter-output>
          </reporter-output>
        </test-method> <!-- sample1 -->
      </class> <!-- testNG_01.sample02 -->
      <class name="testNG_01.Example06">
        <test-method status="PASS" signature="loginPageValidationInActitimeApplication()[pri:0, instance:testNG_01.Example06@77ec78b9]" name="loginPageValidationInActitimeApplication" duration-ms="19762" started-at="2022-05-17T15:56:56 IST" finished-at="2022-05-17T15:57:16 IST">
          <reporter-output>
          </reporter-output>
        </test-method> <!-- loginPageValidationInActitimeApplication -->
      </class> <!-- testNG_01.Example06 -->
      <class name="testNG_01.Example08_param3">
        <test-method status="PASS" signature="param1()[pri:0, instance:testNG_01.Example08_param3@77f99a05]" name="param1" duration-ms="1" started-at="2022-05-17T15:57:16 IST" finished-at="2022-05-17T15:57:16 IST">
          <reporter-output>
          </reporter-output>
        </test-method> <!-- param1 -->
        <test-method status="PASS" signature="param3()[pri:0, instance:testNG_01.Example08_param3@77f99a05]" name="param3" duration-ms="1" started-at="2022-05-17T15:57:16 IST" finished-at="2022-05-17T15:57:16 IST">
          <reporter-output>
          </reporter-output>
        </test-method> <!-- param3 -->
      </class> <!-- testNG_01.Example08_param3 -->
      <class name="testNG_01.Example01">
        <test-method status="PASS" signature="testCase3()[pri:0, instance:testNG_01.Example01@42d8062c]" name="testCase3" duration-ms="2022" started-at="2022-05-17T15:56:31 IST" finished-at="2022-05-17T15:56:33 IST">
          <reporter-output>
          </reporter-output>
        </test-method> <!-- testCase3 -->
      </class> <!-- testNG_01.Example01 -->
      <class name="testNG_01.Example02">
        <test-method status="PASS" signature="tc02()[pri:0, instance:testNG_01.Example02@371a67ec]" name="tc02" duration-ms="5" started-at="2022-05-17T15:56:33 IST" finished-at="2022-05-17T15:56:33 IST">
          <reporter-output>
          </reporter-output>
        </test-method> <!-- tc02 -->
        <test-method status="PASS" signature="tc1()[pri:0, instance:testNG_01.Example02@371a67ec]" name="tc1" duration-ms="7" started-at="2022-05-17T15:56:33 IST" finished-at="2022-05-17T15:56:33 IST">
          <reporter-output>
          </reporter-output>
        </test-method> <!-- tc1 -->
      </class> <!-- testNG_01.Example02 -->
      <class name="testNG_01.Example08_param02">
        <test-method status="PASS" signature="login()[pri:1, instance:testNG_01.Example08_param02@50d0686]" name="login" duration-ms="6" started-at="2022-05-17T15:56:33 IST" finished-at="2022-05-17T15:56:33 IST">
          <reporter-output>
          </reporter-output>
        </test-method> <!-- login -->
        <test-method status="PASS" signature="sendMail()[pri:2, instance:testNG_01.Example08_param02@50d0686]" name="sendMail" duration-ms="3" started-at="2022-05-17T15:56:33 IST" finished-at="2022-05-17T15:56:33 IST">
          <reporter-output>
          </reporter-output>
        </test-method> <!-- sendMail -->
        <test-method status="PASS" signature="logOut()[pri:3, instance:testNG_01.Example08_param02@50d0686]" name="logOut" duration-ms="2" started-at="2022-05-17T15:56:33 IST" finished-at="2022-05-17T15:56:33 IST">
          <reporter-output>
          </reporter-output>
        </test-method> <!-- logOut -->
      </class> <!-- testNG_01.Example08_param02 -->
      <class name="testNG_01.Sample01">
        <test-method status="PASS" signature="tc01()[pri:0, instance:testNG_01.Sample01@1e7c7811]" name="tc01" duration-ms="1" started-at="2022-05-17T15:56:56 IST" finished-at="2022-05-17T15:56:56 IST">
          <reporter-output>
          </reporter-output>
        </test-method> <!-- tc01 -->
      </class> <!-- testNG_01.Sample01 -->
      <class name="testNG_01.Example12_param7">
        <test-method status="PASS" signature="example()[pri:0, instance:testNG_01.Example12_param7@5ed828d]" name="example" duration-ms="2" started-at="2022-05-17T15:56:33 IST" description="checking functionality of description parameter" finished-at="2022-05-17T15:56:33 IST">
          <reporter-output>
          </reporter-output>
        </test-method> <!-- example -->
      </class> <!-- testNG_01.Example12_param7 -->
      <class name="testNG_01.Exapme05">
        <test-method status="PASS" signature="loginLogoutInActitimeApplication()[pri:0, instance:testNG_01.Exapme05@7a3d45bd]" name="loginLogoutInActitimeApplication" duration-ms="22489" started-at="2022-05-17T15:56:33 IST" finished-at="2022-05-17T15:56:56 IST">
          <reporter-output>
          </reporter-output>
        </test-method> <!-- loginLogoutInActitimeApplication -->
      </class> <!-- testNG_01.Exapme05 -->
      <class name="testNG_01.Example09_param4">
        <test-method status="PASS" signature="signIn()[pri:0, instance:testNG_01.Example09_param4@a38d7a3]" name="signIn" duration-ms="1" started-at="2022-05-17T15:57:16 IST" finished-at="2022-05-17T15:57:16 IST">
          <reporter-output>
          </reporter-output>
        </test-method> <!-- signIn -->
        <test-method status="PASS" signature="login()[pri:0, instance:testNG_01.Example09_param4@a38d7a3]" name="login" duration-ms="1" started-at="2022-05-17T15:57:16 IST" depends-on-methods="testNG_01.Example09_param4.signIn" finished-at="2022-05-17T15:57:16 IST">
          <reporter-output>
          </reporter-output>
        </test-method> <!-- login -->
        <test-method status="PASS" signature="sendmail()[pri:0, instance:testNG_01.Example09_param4@a38d7a3]" name="sendmail" duration-ms="1" started-at="2022-05-17T15:57:16 IST" depends-on-methods="testNG_01.Example09_param4.login" finished-at="2022-05-17T15:57:16 IST">
          <reporter-output>
          </reporter-output>
        </test-method> <!-- sendmail -->
      </class> <!-- testNG_01.Example09_param4 -->
      <class name="testNG_01.Example10_param5">
        <test-method status="PASS" signature="div()[pri:0, instance:testNG_01.Example10_param5@13c27452]" name="div" duration-ms="2" started-at="2022-05-17T15:56:33 IST" finished-at="2022-05-17T15:56:33 IST">
          <exception class="java.lang.ArithmeticException">
            <message>
              <![CDATA[/ by zero]]>
            </message>
            <full-stacktrace>
              <![CDATA[java.lang.ArithmeticException: / by zero
at testNG_01.Example10_param5.div(Example10_param5.java:25)
at sun.reflect.NativeMethodAccessorImpl.invoke0(Native Method)
at sun.reflect.NativeMethodAccessorImpl.invoke(Unknown Source)
at sun.reflect.DelegatingMethodAccessorImpl.invoke(Unknown Source)
at java.lang.reflect.Method.invoke(Unknown Source)
at org.testng.internal.MethodInvocationHelper.invokeMethod(MethodInvocationHelper.java:133)
at org.testng.internal.TestInvoker.invokeMethod(TestInvoker.java:598)
at org.testng.internal.TestInvoker.invokeTestMethod(TestInvoker.java:173)
at org.testng.internal.MethodRunner.runInSequence(MethodRunner.java:46)
at org.testng.internal.TestInvoker$MethodInvocationAgent.invoke(TestInvoker.java:824)
at org.testng.internal.TestInvoker.invokeTestMethods(TestInvoker.java:146)
at org.testng.internal.TestMethodWorker.invokeTestMethods(TestMethodWorker.java:146)
at org.testng.internal.TestMethodWorker.run(TestMethodWorker.java:128)
at java.util.ArrayList.forEach(Unknown Source)
at org.testng.TestRunner.privateRun(TestRunner.java:794)
at org.testng.TestRunner.run(TestRunner.java:596)
at org.testng.SuiteRunner.runTest(SuiteRunner.java:377)
at org.testng.SuiteRunner.runSequentially(SuiteRunner.java:371)
at org.testng.SuiteRunner.privateRun(SuiteRunner.java:332)
at org.testng.SuiteRunner.run(SuiteRunner.java:276)
at org.testng.SuiteRunnerWorker.runSuite(SuiteRunnerWorker.java:53)
at org.testng.SuiteRunnerWorker.run(SuiteRunnerWorker.java:96)
at org.testng.TestNG.runSuitesSequentially(TestNG.java:1212)
at org.testng.TestNG.runSuitesLocally(TestNG.java:1134)
at org.testng.TestNG.runSuites(TestNG.java:1063)
at org.testng.TestNG.run(TestNG.java:1031)
at org.testng.remote.AbstractRemoteTestNG.run(AbstractRemoteTestNG.java:115)
at org.testng.remote.RemoteTestNG.initAndRun(RemoteTestNG.java:251)
at org.testng.remote.RemoteTestNG.main(RemoteTestNG.java:77)
]]>
            </full-stacktrace>
          </exception> <!-- java.lang.ArithmeticException -->
          <reporter-output>
          </reporter-output>
        </test-method> <!-- div -->
        <test-method status="PASS" signature="signIn()[pri:0, instance:testNG_01.Example10_param5@13c27452]" name="signIn" duration-ms="2" started-at="2022-05-17T15:56:33 IST" finished-at="2022-05-17T15:56:33 IST">
          <exception class="java.lang.ArithmeticException">
            <message>
              <![CDATA[/ by zero]]>
            </message>
            <full-stacktrace>
              <![CDATA[java.lang.ArithmeticException: / by zero
at testNG_01.Example10_param5.signIn(Example10_param5.java:44)
at sun.reflect.NativeMethodAccessorImpl.invoke0(Native Method)
at sun.reflect.NativeMethodAccessorImpl.invoke(Unknown Source)
at sun.reflect.DelegatingMethodAccessorImpl.invoke(Unknown Source)
at java.lang.reflect.Method.invoke(Unknown Source)
at org.testng.internal.MethodInvocationHelper.invokeMethod(MethodInvocationHelper.java:133)
at org.testng.internal.TestInvoker.invokeMethod(TestInvoker.java:598)
at org.testng.internal.TestInvoker.invokeTestMethod(TestInvoker.java:173)
at org.testng.internal.MethodRunner.runInSequence(MethodRunner.java:46)
at org.testng.internal.TestInvoker$MethodInvocationAgent.invoke(TestInvoker.java:824)
at org.testng.internal.TestInvoker.invokeTestMethods(TestInvoker.java:146)
at org.testng.internal.TestMethodWorker.invokeTestMethods(TestMethodWorker.java:146)
at org.testng.internal.TestMethodWorker.run(TestMethodWorker.java:128)
at java.util.ArrayList.forEach(Unknown Source)
at org.testng.TestRunner.privateRun(TestRunner.java:794)
at org.testng.TestRunner.run(TestRunner.java:596)
at org.testng.SuiteRunner.runTest(SuiteRunner.java:377)
at org.testng.SuiteRunner.runSequentially(SuiteRunner.java:371)
at org.testng.SuiteRunner.privateRun(SuiteRunner.java:332)
at org.testng.SuiteRunner.run(SuiteRunner.java:276)
at org.testng.SuiteRunnerWorker.runSuite(SuiteRunnerWorker.java:53)
at org.testng.SuiteRunnerWorker.run(SuiteRunnerWorker.java:96)
at org.testng.TestNG.runSuitesSequentially(TestNG.java:1212)
at org.testng.TestNG.runSuitesLocally(TestNG.java:1134)
at org.testng.TestNG.runSuites(TestNG.java:1063)
at org.testng.TestNG.run(TestNG.java:1031)
at org.testng.remote.AbstractRemoteTestNG.run(AbstractRemoteTestNG.java:115)
at org.testng.remote.RemoteTestNG.initAndRun(RemoteTestNG.java:251)
at org.testng.remote.RemoteTestNG.main(RemoteTestNG.java:77)
]]>
            </full-stacktrace>
          </exception> <!-- java.lang.ArithmeticException -->
          <reporter-output>
          </reporter-output>
        </test-method> <!-- signIn -->
        <test-method status="PASS" signature="login()[pri:0, instance:testNG_01.Example10_param5@13c27452]" name="login" duration-ms="1" started-at="2022-05-17T15:56:33 IST" depends-on-methods="testNG_01.Example10_param5.signIn" finished-at="2022-05-17T15:56:33 IST">
          <reporter-output>
          </reporter-output>
        </test-method> <!-- login -->
        <test-method status="PASS" signature="checkNotification()[pri:0, instance:testNG_01.Example10_param5@13c27452]" name="checkNotification" duration-ms="2" started-at="2022-05-17T15:56:33 IST" depends-on-methods="testNG_01.Example10_param5.login" finished-at="2022-05-17T15:56:33 IST">
          <reporter-output>
          </reporter-output>
        </test-method> <!-- checkNotification -->
        <test-method status="PASS" signature="subtr()[pri:0, instance:testNG_01.Example10_param5@13c27452]" name="subtr" duration-ms="2" started-at="2022-05-17T15:56:33 IST" depends-on-methods="testNG_01.Example10_param5.div" finished-at="2022-05-17T15:56:33 IST">
          <reporter-output>
          </reporter-output>
        </test-method> <!-- subtr -->
        <test-method status="PASS" signature="add()[pri:0, instance:testNG_01.Example10_param5@13c27452]" name="add" duration-ms="2" started-at="2022-05-17T15:56:33 IST" depends-on-methods="testNG_01.Example10_param5.subtr" finished-at="2022-05-17T15:56:33 IST">
          <reporter-output>
          </reporter-output>
        </test-method> <!-- add -->
      </class> <!-- testNG_01.Example10_param5 -->
      <class name="testNG_01.Example07_Param">
        <test-method status="PASS" signature="param1()[pri:0, instance:testNG_01.Example07_Param@1a3869f4]" name="param1" duration-ms="2" started-at="2022-05-17T15:57:16 IST" finished-at="2022-05-17T15:57:16 IST">
          <reporter-output>
          </reporter-output>
        </test-method> <!-- param1 -->
        <test-method status="PASS" signature="param1()[pri:0, instance:testNG_01.Example07_Param@1a3869f4]" name="param1" duration-ms="1" started-at="2022-05-17T15:57:16 IST" finished-at="2022-05-17T15:57:16 IST">
          <reporter-output>
          </reporter-output>
        </test-method> <!-- param1 -->
        <test-method status="PASS" signature="param1()[pri:0, instance:testNG_01.Example07_Param@1a3869f4]" name="param1" duration-ms="1" started-at="2022-05-17T15:57:16 IST" finished-at="2022-05-17T15:57:16 IST">
          <reporter-output>
          </reporter-output>
        </test-method> <!-- param1 -->
        <test-method status="PASS" signature="param1()[pri:0, instance:testNG_01.Example07_Param@1a3869f4]" name="param1" duration-ms="4" started-at="2022-05-17T15:57:16 IST" finished-at="2022-05-17T15:57:16 IST">
          <reporter-output>
          </reporter-output>
        </test-method> <!-- param1 -->
        <test-method status="PASS" signature="param1()[pri:0, instance:testNG_01.Example07_Param@1a3869f4]" name="param1" duration-ms="5" started-at="2022-05-17T15:57:16 IST" finished-at="2022-05-17T15:57:16 IST">
          <reporter-output>
          </reporter-output>
        </test-method> <!-- param1 -->
      </class> <!-- testNG_01.Example07_Param -->
    </test> <!-- Test -->
  </suite> <!-- Suite -->
</testng-results>
