<?xml version="1.0" encoding="UTF-8"?>
<testng-results skipped="0" failed="0" total="27" passed="27">
  <reporter-output>
  </reporter-output>
  <suite name="Suite" duration-ms="44276" started-at="2022-05-17T11:07:07Z" finished-at="2022-05-17T11:07:52Z">
    <groups>
    </groups>
    <test name="Test" duration-ms="44276" started-at="2022-05-17T11:07:07Z" finished-at="2022-05-17T11:07:52Z">
      <class name="testNG_01.sample02">
        <test-method status="PASS" signature="sample1()[pri:0, instance:testNG_01.sample02@23986957]" name="sample1" duration-ms="0" started-at="2022-05-17T16:37:52Z" finished-at="2022-05-17T16:37:52Z">
          <reporter-output>
          </reporter-output>
        </test-method> <!-- sample1 -->
      </class> <!-- testNG_01.sample02 -->
      <class name="testNG_01.Example06">
        <test-method status="PASS" signature="loginPageValidationInActitimeApplication()[pri:0, instance:testNG_01.Example06@7fc2413d]" name="loginPageValidationInActitimeApplication" duration-ms="12928" started-at="2022-05-17T16:37:39Z" finished-at="2022-05-17T16:37:52Z">
          <reporter-output>
          </reporter-output>
        </test-method> <!-- loginPageValidationInActitimeApplication -->
      </class> <!-- testNG_01.Example06 -->
      <class name="testNG_01.Example08_param3">
        <test-method status="PASS" signature="param3()[pri:0, instance:testNG_01.Example08_param3@4c15e7fd]" name="param3" duration-ms="0" started-at="2022-05-17T16:37:52Z" finished-at="2022-05-17T16:37:52Z">
          <reporter-output>
          </reporter-output>
        </test-method> <!-- param3 -->
        <test-method status="PASS" signature="param1()[pri:0, instance:testNG_01.Example08_param3@4c15e7fd]" name="param1" duration-ms="0" started-at="2022-05-17T16:37:52Z" finished-at="2022-05-17T16:37:52Z">
          <reporter-output>
          </reporter-output>
        </test-method> <!-- param1 -->
      </class> <!-- testNG_01.Example08_param3 -->
      <class name="testNG_01.Example01">
        <test-method status="PASS" signature="testCase3()[pri:0, instance:testNG_01.Example01@27c86f2d]" name="testCase3" duration-ms="2019" started-at="2022-05-17T16:37:07Z" finished-at="2022-05-17T16:37:09Z">
          <reporter-output>
          </reporter-output>
        </test-method> <!-- testCase3 -->
      </class> <!-- testNG_01.Example01 -->
      <class name="testNG_01.Example02">
        <test-method status="PASS" signature="tc02()[pri:0, instance:testNG_01.Example02@13c10b87]" name="tc02" duration-ms="1" started-at="2022-05-17T16:37:09Z" finished-at="2022-05-17T16:37:09Z">
          <reporter-output>
          </reporter-output>
        </test-method> <!-- tc02 -->
        <test-method status="PASS" signature="tc1()[pri:0, instance:testNG_01.Example02@13c10b87]" name="tc1" duration-ms="2" started-at="2022-05-17T16:37:09Z" finished-at="2022-05-17T16:37:09Z">
          <reporter-output>
          </reporter-output>
        </test-method> <!-- tc1 -->
      </class> <!-- testNG_01.Example02 -->
      <class name="testNG_01.Example08_param02">
        <test-method status="PASS" signature="login()[pri:1, instance:testNG_01.Example08_param02@5a955565]" name="login" duration-ms="2" started-at="2022-05-17T16:37:52Z" finished-at="2022-05-17T16:37:52Z">
          <reporter-output>
          </reporter-output>
        </test-method> <!-- login -->
        <test-method status="PASS" signature="sendMail()[pri:2, instance:testNG_01.Example08_param02@5a955565]" name="sendMail" duration-ms="0" started-at="2022-05-17T16:37:52Z" finished-at="2022-05-17T16:37:52Z">
          <reporter-output>
          </reporter-output>
        </test-method> <!-- sendMail -->
        <test-method status="PASS" signature="logOut()[pri:3, instance:testNG_01.Example08_param02@5a955565]" name="logOut" duration-ms="2" started-at="2022-05-17T16:37:52Z" finished-at="2022-05-17T16:37:52Z">
          <reporter-output>
          </reporter-output>
        </test-method> <!-- logOut -->
      </class> <!-- testNG_01.Example08_param02 -->
      <class name="testNG_01.Sample01">
        <test-method status="PASS" signature="tc01()[pri:0, instance:testNG_01.Sample01@7995092a]" name="tc01" duration-ms="0" started-at="2022-05-17T16:37:39Z" finished-at="2022-05-17T16:37:39Z">
          <reporter-output>
          </reporter-output>
        </test-method> <!-- tc01 -->
      </class> <!-- testNG_01.Sample01 -->
      <class name="testNG_01.Example12_param7">
        <test-method status="PASS" signature="example()[pri:0, instance:testNG_01.Example12_param7@6a01e23]" name="example" duration-ms="1" started-at="2022-05-17T16:37:09Z" description="checking functionality of description parameter" finished-at="2022-05-17T16:37:09Z">
          <reporter-output>
          </reporter-output>
        </test-method> <!-- example -->
      </class> <!-- testNG_01.Example12_param7 -->
      <class name="testNG_01.Example09_param4">
        <test-method status="PASS" signature="signIn()[pri:0, instance:testNG_01.Example09_param4@70be0a2b]" name="signIn" duration-ms="0" started-at="2022-05-17T16:37:52Z" finished-at="2022-05-17T16:37:52Z">
          <reporter-output>
          </reporter-output>
        </test-method> <!-- signIn -->
        <test-method status="PASS" signature="login()[pri:0, instance:testNG_01.Example09_param4@70be0a2b]" name="login" duration-ms="0" started-at="2022-05-17T16:37:52Z" depends-on-methods="testNG_01.Example09_param4.signIn" finished-at="2022-05-17T16:37:52Z">
          <reporter-output>
          </reporter-output>
        </test-method> <!-- login -->
        <test-method status="PASS" signature="sendmail()[pri:0, instance:testNG_01.Example09_param4@70be0a2b]" name="sendmail" duration-ms="0" started-at="2022-05-17T16:37:52Z" depends-on-methods="testNG_01.Example09_param4.login" finished-at="2022-05-17T16:37:52Z">
          <reporter-output>
          </reporter-output>
        </test-method> <!-- sendmail -->
      </class> <!-- testNG_01.Example09_param4 -->
      <class name="testNG_01.Exapme05">
        <test-method status="PASS" signature="loginLogoutInActitimeApplication()[pri:0, instance:testNG_01.Exapme05@6293abcc]" name="loginLogoutInActitimeApplication" duration-ms="29273" started-at="2022-05-17T16:37:09Z" finished-at="2022-05-17T16:37:39Z">
          <reporter-output>
          </reporter-output>
        </test-method> <!-- loginLogoutInActitimeApplication -->
      </class> <!-- testNG_01.Exapme05 -->
      <class name="testNG_01.Example10_param5">
        <test-method status="PASS" signature="div()[pri:0, instance:testNG_01.Example10_param5@79ad8b2f]" name="div" duration-ms="0" started-at="2022-05-17T16:37:09Z" finished-at="2022-05-17T16:37:09Z">
          <exception class="java.lang.ArithmeticException">
            <message>
              <![CDATA[/ by zero]]>
            </message>
            <full-stacktrace>
              <![CDATA[java.lang.ArithmeticException: / by zero
	at testNG_01.Example10_param5.div(Example10_param5.java:25)
	at sun.reflect.NativeMethodAccessorImpl.invoke0(Native Method)
	at sun.reflect.NativeMethodAccessorImpl.invoke(NativeMethodAccessorImpl.java:62)
	at sun.reflect.DelegatingMethodAccessorImpl.invoke(DelegatingMethodAccessorImpl.java:43)
	at java.lang.reflect.Method.invoke(Method.java:498)
	at org.testng.internal.MethodInvocationHelper.invokeMethod(MethodInvocationHelper.java:85)
	at org.testng.internal.Invoker.invokeMethod(Invoker.java:639)
	at org.testng.internal.Invoker.invokeTestMethod(Invoker.java:816)
	at org.testng.internal.Invoker.invokeTestMethods(Invoker.java:1124)
	at org.testng.internal.TestMethodWorker.invokeTestMethods(TestMethodWorker.java:125)
	at org.testng.internal.TestMethodWorker.run(TestMethodWorker.java:108)
	at org.testng.TestRunner.privateRun(TestRunner.java:774)
	at org.testng.TestRunner.run(TestRunner.java:624)
	at org.testng.SuiteRunner.runTest(SuiteRunner.java:359)
	at org.testng.SuiteRunner.runSequentially(SuiteRunner.java:354)
	at org.testng.SuiteRunner.privateRun(SuiteRunner.java:312)
	at org.testng.SuiteRunner.run(SuiteRunner.java:261)
	at org.testng.SuiteRunnerWorker.runSuite(SuiteRunnerWorker.java:52)
	at org.testng.SuiteRunnerWorker.run(SuiteRunnerWorker.java:86)
	at org.testng.TestNG.runSuitesSequentially(TestNG.java:1215)
	at org.testng.TestNG.runSuitesLocally(TestNG.java:1140)
	at org.testng.TestNG.run(TestNG.java:1048)
	at org.apache.maven.surefire.testng.TestNGExecutor.run(TestNGExecutor.java:178)
	at org.apache.maven.surefire.testng.TestNGXmlTestSuite.execute(TestNGXmlTestSuite.java:92)
	at org.apache.maven.surefire.testng.TestNGProvider.invoke(TestNGProvider.java:96)
	at sun.reflect.NativeMethodAccessorImpl.invoke0(Native Method)
	at sun.reflect.NativeMethodAccessorImpl.invoke(NativeMethodAccessorImpl.java:62)
	at sun.reflect.DelegatingMethodAccessorImpl.invoke(DelegatingMethodAccessorImpl.java:43)
	at java.lang.reflect.Method.invoke(Method.java:498)
	at org.apache.maven.surefire.util.ReflectionUtils.invokeMethodWithArray(ReflectionUtils.java:189)
	at org.apache.maven.surefire.booter.ProviderFactory$ProviderProxy.invoke(ProviderFactory.java:165)
	at org.apache.maven.surefire.booter.ProviderFactory.invokeProvider(ProviderFactory.java:85)
	at org.apache.maven.surefire.booter.ForkedBooter.runSuitesInProcess(ForkedBooter.java:115)
	at org.apache.maven.surefire.booter.ForkedBooter.main(ForkedBooter.java:75)
]]>
            </full-stacktrace>
          </exception> <!-- java.lang.ArithmeticException -->
          <reporter-output>
          </reporter-output>
        </test-method> <!-- div -->
        <test-method status="PASS" signature="signIn()[pri:0, instance:testNG_01.Example10_param5@79ad8b2f]" name="signIn" duration-ms="1" started-at="2022-05-17T16:37:09Z" finished-at="2022-05-17T16:37:09Z">
          <exception class="java.lang.ArithmeticException">
            <message>
              <![CDATA[/ by zero]]>
            </message>
            <full-stacktrace>
              <![CDATA[java.lang.ArithmeticException: / by zero
	at testNG_01.Example10_param5.signIn(Example10_param5.java:44)
	at sun.reflect.NativeMethodAccessorImpl.invoke0(Native Method)
	at sun.reflect.NativeMethodAccessorImpl.invoke(NativeMethodAccessorImpl.java:62)
	at sun.reflect.DelegatingMethodAccessorImpl.invoke(DelegatingMethodAccessorImpl.java:43)
	at java.lang.reflect.Method.invoke(Method.java:498)
	at org.testng.internal.MethodInvocationHelper.invokeMethod(MethodInvocationHelper.java:85)
	at org.testng.internal.Invoker.invokeMethod(Invoker.java:639)
	at org.testng.internal.Invoker.invokeTestMethod(Invoker.java:816)
	at org.testng.internal.Invoker.invokeTestMethods(Invoker.java:1124)
	at org.testng.internal.TestMethodWorker.invokeTestMethods(TestMethodWorker.java:125)
	at org.testng.internal.TestMethodWorker.run(TestMethodWorker.java:108)
	at org.testng.TestRunner.privateRun(TestRunner.java:774)
	at org.testng.TestRunner.run(TestRunner.java:624)
	at org.testng.SuiteRunner.runTest(SuiteRunner.java:359)
	at org.testng.SuiteRunner.runSequentially(SuiteRunner.java:354)
	at org.testng.SuiteRunner.privateRun(SuiteRunner.java:312)
	at org.testng.SuiteRunner.run(SuiteRunner.java:261)
	at org.testng.SuiteRunnerWorker.runSuite(SuiteRunnerWorker.java:52)
	at org.testng.SuiteRunnerWorker.run(SuiteRunnerWorker.java:86)
	at org.testng.TestNG.runSuitesSequentially(TestNG.java:1215)
	at org.testng.TestNG.runSuitesLocally(TestNG.java:1140)
	at org.testng.TestNG.run(TestNG.java:1048)
	at org.apache.maven.surefire.testng.TestNGExecutor.run(TestNGExecutor.java:178)
	at org.apache.maven.surefire.testng.TestNGXmlTestSuite.execute(TestNGXmlTestSuite.java:92)
	at org.apache.maven.surefire.testng.TestNGProvider.invoke(TestNGProvider.java:96)
	at sun.reflect.NativeMethodAccessorImpl.invoke0(Native Method)
	at sun.reflect.NativeMethodAccessorImpl.invoke(NativeMethodAccessorImpl.java:62)
	at sun.reflect.DelegatingMethodAccessorImpl.invoke(DelegatingMethodAccessorImpl.java:43)
	at java.lang.reflect.Method.invoke(Method.java:498)
	at org.apache.maven.surefire.util.ReflectionUtils.invokeMethodWithArray(ReflectionUtils.java:189)
	at org.apache.maven.surefire.booter.ProviderFactory$ProviderProxy.invoke(ProviderFactory.java:165)
	at org.apache.maven.surefire.booter.ProviderFactory.invokeProvider(ProviderFactory.java:85)
	at org.apache.maven.surefire.booter.ForkedBooter.runSuitesInProcess(ForkedBooter.java:115)
	at org.apache.maven.surefire.booter.ForkedBooter.main(ForkedBooter.java:75)
]]>
            </full-stacktrace>
          </exception> <!-- java.lang.ArithmeticException -->
          <reporter-output>
          </reporter-output>
        </test-method> <!-- signIn -->
        <test-method status="PASS" signature="login()[pri:0, instance:testNG_01.Example10_param5@79ad8b2f]" name="login" duration-ms="0" started-at="2022-05-17T16:37:52Z" depends-on-methods="testNG_01.Example10_param5.signIn" finished-at="2022-05-17T16:37:52Z">
          <reporter-output>
          </reporter-output>
        </test-method> <!-- login -->
        <test-method status="PASS" signature="subtr()[pri:0, instance:testNG_01.Example10_param5@79ad8b2f]" name="subtr" duration-ms="0" started-at="2022-05-17T16:37:52Z" depends-on-methods="testNG_01.Example10_param5.div" finished-at="2022-05-17T16:37:52Z">
          <reporter-output>
          </reporter-output>
        </test-method> <!-- subtr -->
        <test-method status="PASS" signature="checkNotification()[pri:0, instance:testNG_01.Example10_param5@79ad8b2f]" name="checkNotification" duration-ms="0" started-at="2022-05-17T16:37:52Z" depends-on-methods="testNG_01.Example10_param5.login" finished-at="2022-05-17T16:37:52Z">
          <reporter-output>
          </reporter-output>
        </test-method> <!-- checkNotification -->
        <test-method status="PASS" signature="add()[pri:0, instance:testNG_01.Example10_param5@79ad8b2f]" name="add" duration-ms="0" started-at="2022-05-17T16:37:52Z" depends-on-methods="testNG_01.Example10_param5.subtr" finished-at="2022-05-17T16:37:52Z">
          <reporter-output>
          </reporter-output>
        </test-method> <!-- add -->
      </class> <!-- testNG_01.Example10_param5 -->
      <class name="testNG_01.Example07_Param">
        <test-method status="PASS" signature="param1()[pri:0, instance:testNG_01.Example07_Param@f8c1ddd]" name="param1" duration-ms="0" started-at="2022-05-17T16:37:52Z" finished-at="2022-05-17T16:37:52Z">
          <reporter-output>
          </reporter-output>
        </test-method> <!-- param1 -->
        <test-method status="PASS" signature="param1()[pri:0, instance:testNG_01.Example07_Param@f8c1ddd]" name="param1" duration-ms="0" started-at="2022-05-17T16:37:52Z" finished-at="2022-05-17T16:37:52Z">
          <reporter-output>
          </reporter-output>
        </test-method> <!-- param1 -->
        <test-method status="PASS" signature="param1()[pri:0, instance:testNG_01.Example07_Param@f8c1ddd]" name="param1" duration-ms="0" started-at="2022-05-17T16:37:52Z" finished-at="2022-05-17T16:37:52Z">
          <reporter-output>
          </reporter-output>
        </test-method> <!-- param1 -->
        <test-method status="PASS" signature="param1()[pri:0, instance:testNG_01.Example07_Param@f8c1ddd]" name="param1" duration-ms="0" started-at="2022-05-17T16:37:52Z" finished-at="2022-05-17T16:37:52Z">
          <reporter-output>
          </reporter-output>
        </test-method> <!-- param1 -->
        <test-method status="PASS" signature="param1()[pri:0, instance:testNG_01.Example07_Param@f8c1ddd]" name="param1" duration-ms="0" started-at="2022-05-17T16:37:52Z" finished-at="2022-05-17T16:37:52Z">
          <reporter-output>
          </reporter-output>
        </test-method> <!-- param1 -->
      </class> <!-- testNG_01.Example07_Param -->
    </test> <!-- Test -->
  </suite> <!-- Suite -->
</testng-results>
